<?xml version="1.0" encoding="UTF-8"?>
<testng-results skipped="0" failed="0" ignored="0" total="1" passed="1">
  <reporter-output>
  </reporter-output>
  <suite name="Command line suite" duration-ms="16101" started-at="2021-02-15T14:16:09Z" finished-at="2021-02-15T14:16:25Z">
    <groups>
    </groups>
    <test name="Command line test" duration-ms="16101" started-at="2021-02-15T14:16:09Z" finished-at="2021-02-15T14:16:25Z">
      <class name="com.day6.UnidavisTest">
        <test-method status="PASS" signature="setUp()[pri:0, instance:com.day6.UnidavisTest@506e6d5e]" name="setUp" is-config="true" duration-ms="9826" started-at="2021-02-15T14:16:09Z" finished-at="2021-02-15T14:16:19Z">
          <reporter-output>
          </reporter-output>
        </test-method> <!-- setUp -->
        <test-method status="PASS" signature="loginTest()[pri:0, instance:com.day6.UnidavisTest@506e6d5e]" name="loginTest" duration-ms="4916" started-at="2021-02-15T14:16:19Z" finished-at="2021-02-15T14:16:24Z">
          <reporter-output>
          </reporter-output>
        </test-method> <!-- loginTest -->
        <test-method status="PASS" signature="tearDown()[pri:0, instance:com.day6.UnidavisTest@506e6d5e]" name="tearDown" is-config="true" duration-ms="1304" started-at="2021-02-15T14:16:24Z" finished-at="2021-02-15T14:16:25Z">
          <reporter-output>
          </reporter-output>
        </test-method> <!-- tearDown -->
      </class> <!-- com.day6.UnidavisTest -->
    </test> <!-- Command line test -->
  </suite> <!-- Command line suite -->
</testng-results>
