<?xml version="1.0" encoding="UTF-8"?>
<testng-results skipped="0" failed="0" ignored="0" total="1" passed="1">
  <reporter-output>
  </reporter-output>
  <suite name="Default suite" duration-ms="17918" started-at="2020-05-12T23:17:16Z" finished-at="2020-05-12T23:17:34Z">
    <groups>
    </groups>
    <test name="Default test" duration-ms="17918" started-at="2020-05-12T23:17:16Z" finished-at="2020-05-12T23:17:34Z">
      <class name="com.day6.UnidavisTest">
        <test-method status="PASS" signature="setUp()[pri:0, instance:com.day6.UnidavisTest@4c70fda8]" name="setUp" is-config="true" duration-ms="9222" started-at="2020-05-12T23:17:16Z" finished-at="2020-05-12T23:17:25Z">
          <reporter-output>
          </reporter-output>
        </test-method> <!-- setUp -->
        <test-method status="PASS" signature="loginTest()[pri:0, instance:com.day6.UnidavisTest@4c70fda8]" name="loginTest" duration-ms="7917" started-at="2020-05-12T23:17:25Z" finished-at="2020-05-12T23:17:33Z">
          <reporter-output>
          </reporter-output>
        </test-method> <!-- loginTest -->
        <test-method status="PASS" signature="tearDown()[pri:0, instance:com.day6.UnidavisTest@4c70fda8]" name="tearDown" is-config="true" duration-ms="747" started-at="2020-05-12T23:17:33Z" finished-at="2020-05-12T23:17:34Z">
          <reporter-output>
          </reporter-output>
        </test-method> <!-- tearDown -->
      </class> <!-- com.day6.UnidavisTest -->
    </test> <!-- Default test -->
  </suite> <!-- Default suite -->
</testng-results>
